TN:
SF:js\alignment-logic.js
FN:9,diagnoseMistake
FN:29,checkAnswer
FNF:2
FNH:2
FNDA:3,diagnoseMistake
FNDA:5,checkAnswer
DA:1,1
DA:2,1
DA:3,1
DA:4,1
DA:5,1
DA:6,1
DA:7,1
DA:8,1
DA:9,1
DA:10,3
DA:11,3
DA:12,3
DA:13,3
DA:14,3
DA:15,3
DA:16,3
DA:17,2
DA:18,3
DA:19,1
DA:20,1
DA:21,3
DA:22,1
DA:23,3
DA:24,3
DA:25,1
DA:26,1
DA:27,1
DA:28,1
DA:29,1
DA:30,5
DA:31,2
DA:32,2
LF:32
LH:32
BRDA:9,0,0,3
BRDA:12,1,0,0
BRDA:12,2,0,0
BRDA:16,3,0,1
BRDA:17,4,0,2
BRDA:18,5,0,1
BRDA:18,6,0,1
BRDA:21,7,0,0
BRDA:22,8,0,1
BRDA:23,9,0,0
BRDA:23,10,0,0
BRDA:24,11,0,0
BRDA:24,12,0,0
BRDA:25,13,0,1
BRDA:16,14,0,6
BRDA:29,15,0,5
BRDA:30,16,0,3
BRDA:31,17,0,2
BRF:18
BRH:11
end_of_record
TN:
SF:js\assistant-bridge.js
FN:12,elapsed
FN:14,sendToPortal
FN:28,resetProblem
FN:34,onLevelStart
FN:43,onIncorrect
FN:56,onCorrect
FN:66,onLevelComplete
FN:74,onTimeout
FN:85,onHintRequest
FNF:9
FNH:9
FNDA:10,elapsed
FNDA:13,sendToPortal
FNDA:5,resetProblem
FNDA:3,onLevelStart
FNDA:2,onIncorrect
FNDA:2,onCorrect
FNDA:1,onLevelComplete
FNDA:2,onTimeout
FNDA:3,onHintRequest
DA:1,1
DA:2,1
DA:3,1
DA:4,1
DA:5,1
DA:6,1
DA:7,1
DA:8,1
DA:9,1
DA:10,1
DA:11,1
DA:12,10
DA:13,1
DA:14,13
DA:15,13
DA:16,1
DA:17,1
DA:18,1
DA:19,12
DA:20,12
DA:21,1
DA:22,1
DA:23,1
DA:24,1
DA:25,1
DA:26,1
DA:27,1
DA:28,1
DA:29,5
DA:30,5
DA:31,1
DA:32,1
DA:33,1
DA:34,1
DA:35,3
DA:36,3
DA:37,3
DA:38,3
DA:39,3
DA:40,1
DA:41,1
DA:42,1
DA:43,1
DA:44,2
DA:45,2
DA:46,2
DA:47,2
DA:48,2
DA:49,2
DA:50,2
DA:51,2
DA:52,2
DA:53,1
DA:54,1
DA:55,1
DA:56,1
DA:57,2
DA:58,2
DA:59,2
DA:60,2
DA:61,2
DA:62,2
DA:63,1
DA:64,1
DA:65,1
DA:66,1
DA:67,1
DA:68,1
DA:69,1
DA:70,1
DA:71,1
DA:72,1
DA:73,1
DA:74,1
DA:75,2
DA:76,2
DA:77,2
DA:78,2
DA:79,2
DA:80,2
DA:81,2
DA:82,1
DA:83,1
DA:84,1
DA:85,1
DA:86,3
DA:87,3
DA:88,3
DA:89,3
DA:90,3
DA:91,1
DA:92,1
LF:92
LH:92
BRDA:12,0,0,10
BRDA:14,1,0,13
BRDA:15,2,0,1
BRDA:18,3,0,12
BRDA:28,4,0,5
BRDA:34,5,0,3
BRDA:43,6,0,2
BRDA:47,7,0,1
BRDA:48,8,0,0
BRDA:49,9,0,0
BRDA:56,10,0,2
BRDA:60,11,0,1
BRDA:60,12,0,1
BRDA:66,13,0,1
BRDA:74,14,0,2
BRDA:78,15,0,1
BRDA:78,16,0,1
BRDA:79,17,0,1
BRDA:79,18,0,1
BRDA:85,19,0,3
BRF:20
BRH:18
end_of_record
TN:
SF:js\drill-logic.js
FN:6,drillRangeNumber
FN:13,parseDrillIntegerCell
FN:19,gradeDrillMatrices
FNF:3
FNH:3
FNDA:3,drillRangeNumber
FNDA:7,parseDrillIntegerCell
FNDA:2,gradeDrillMatrices
DA:1,1
DA:2,1
DA:3,1
DA:4,1
DA:5,1
DA:6,1
DA:7,3
DA:8,3
DA:9,1
DA:10,1
DA:11,1
DA:12,1
DA:13,1
DA:14,7
DA:15,7
DA:16,2
DA:17,2
DA:18,1
DA:19,1
DA:20,2
DA:21,2
DA:22,2
DA:23,2
DA:24,4
DA:25,8
DA:26,1
DA:27,8
DA:28,4
DA:29,2
DA:30,2
DA:31,2
LF:31
LH:31
BRDA:6,0,0,3
BRDA:7,1,0,1
BRDA:8,2,0,2
BRDA:8,3,0,1
BRDA:13,4,0,7
BRDA:15,5,0,5
BRDA:15,6,0,5
BRDA:16,7,0,2
BRDA:19,8,0,2
BRDA:23,9,0,4
BRDA:24,10,0,8
BRDA:25,11,0,7
BRDA:26,12,0,1
BRF:13
BRH:13
end_of_record
TN:
SF:js\levels.js
FN:8,buildLevels
FNF:1
FNH:1
FNDA:3,buildLevels
DA:1,1
DA:2,1
DA:3,1
DA:4,1
DA:5,1
DA:6,1
DA:7,1
DA:8,1
DA:9,3
DA:10,3
DA:11,3
DA:12,3
DA:13,3
DA:14,3
DA:15,3
DA:16,3
DA:17,3
DA:18,3
DA:19,3
DA:20,3
DA:21,3
DA:22,3
DA:23,3
DA:24,3
DA:25,3
DA:26,3
DA:27,3
DA:28,3
DA:29,3
DA:30,3
DA:31,3
DA:32,3
DA:33,3
DA:34,3
DA:35,3
DA:36,3
DA:37,3
DA:38,3
DA:39,3
DA:40,3
DA:41,3
DA:42,3
DA:43,3
DA:44,3
DA:45,3
DA:46,3
DA:47,3
DA:48,3
DA:49,3
DA:50,3
DA:51,3
DA:52,3
DA:53,3
DA:54,3
DA:55,3
DA:56,3
DA:57,3
DA:58,3
DA:59,3
DA:60,3
DA:61,3
DA:62,3
DA:63,3
DA:64,3
DA:65,3
DA:66,3
DA:67,3
DA:68,3
DA:69,3
DA:70,3
DA:71,3
DA:72,3
DA:73,3
DA:74,3
DA:75,3
DA:76,3
DA:77,3
DA:78,3
DA:79,3
DA:80,3
DA:81,3
DA:82,3
DA:83,3
DA:84,3
DA:85,3
DA:86,3
DA:87,3
DA:88,3
DA:89,3
DA:90,3
DA:91,3
DA:92,3
DA:93,3
DA:94,3
DA:95,3
DA:96,3
DA:97,3
DA:98,3
DA:99,3
DA:100,3
DA:101,3
DA:102,3
DA:103,3
DA:104,3
DA:105,3
DA:106,3
DA:107,3
DA:108,3
DA:109,3
DA:110,3
LF:110
LH:110
BRDA:8,0,0,3
BRF:1
BRH:1
end_of_record
TN:
SF:js\math-engine.js
FN:7,M2
FN:13,mv
FN:18,mm
FN:25,det
FN:27,inv
FN:33,eq
FN:38,I
FN:42,lerpMatrix
FN:51,seededRng
FN:57,randInt
FN:62,randomMatrix
FN:73,multiplyMatrices
FN:84,shuffle
FNF:13
FNH:13
FNDA:61,M2
FNDA:1,mv
FNDA:5,mm
FNDA:9,det
FNDA:5,inv
FNDA:9,eq
FNDA:1,I
FNDA:2,lerpMatrix
FNDA:2,seededRng
FNDA:6,randInt
FNDA:1,randomMatrix
FNDA:1,multiplyMatrices
FNDA:1,shuffle
DA:1,1
DA:2,1
DA:3,1
DA:4,1
DA:5,1
DA:6,1
DA:7,1
DA:8,61
DA:9,61
DA:10,61
DA:11,1
DA:12,1
DA:13,1
DA:14,1
DA:15,1
DA:16,1
DA:17,1
DA:18,1
DA:19,5
DA:20,5
DA:21,5
DA:22,5
DA:23,5
DA:24,1
DA:25,1
DA:26,1
DA:27,1
DA:28,5
DA:29,5
DA:30,4
DA:31,5
DA:32,1
DA:33,1
DA:34,9
DA:35,9
DA:36,9
DA:37,1
DA:38,1
DA:39,1
DA:40,1
DA:41,1
DA:42,1
DA:43,2
DA:44,2
DA:45,2
DA:46,2
DA:47,2
DA:48,2
DA:49,1
DA:50,1
DA:51,1
DA:52,2
DA:53,2
DA:54,2
DA:55,1
DA:56,1
DA:57,1
DA:58,6
DA:59,6
DA:60,1
DA:61,1
DA:62,1
DA:63,1
DA:64,1
DA:65,2
DA:66,2
DA:67,2
DA:68,2
DA:69,1
DA:70,1
DA:71,1
DA:72,1
DA:73,1
DA:74,1
DA:75,1
DA:76,1
DA:77,1
DA:78,2
DA:79,4
DA:80,1
DA:81,1
DA:82,1
DA:83,1
DA:84,1
DA:85,1
DA:86,3
DA:87,3
DA:88,3
DA:89,1
DA:90,1
LF:90
LH:90
BRDA:7,0,0,61
BRDA:13,1,0,1
BRDA:18,2,0,5
BRDA:25,3,0,9
BRDA:27,4,0,5
BRDA:29,5,0,4
BRDA:29,6,0,1
BRDA:33,7,0,9
BRDA:34,8,0,5
BRDA:35,9,0,5
BRDA:35,10,0,5
BRDA:38,11,0,1
BRDA:42,12,0,2
BRDA:43,13,0,1
BRDA:43,14,0,1
BRDA:51,15,0,2
BRDA:53,16,0,40
BRDA:57,17,0,6
BRDA:62,18,0,1
BRDA:64,19,0,2
BRDA:66,20,0,4
BRDA:73,21,0,1
BRDA:77,22,0,2
BRDA:78,23,0,4
BRDA:79,24,0,8
BRDA:75,25,0,2
BRDA:84,26,0,1
BRDA:85,27,0,3
BRF:28
BRH:28
end_of_record
TN:
SF:js\quiz-logic.js
FN:6,quizAnswerIsCorrect
FN:11,quizScoreIncrementForCorrect
FN:15,quizCompletionPercent
FN:20,quizRunningAccuracyPercent
FNF:4
FNH:4
FNDA:2,quizAnswerIsCorrect
FNDA:6,quizScoreIncrementForCorrect
FNDA:3,quizCompletionPercent
FNDA:2,quizRunningAccuracyPercent
DA:1,1
DA:2,1
DA:3,1
DA:4,1
DA:5,1
DA:6,1
DA:7,2
DA:8,2
DA:9,1
DA:10,1
DA:11,1
DA:12,6
DA:13,6
DA:14,1
DA:15,1
DA:16,3
DA:17,3
DA:18,1
DA:19,1
DA:20,1
DA:21,2
DA:22,2
LF:22
LH:22
BRDA:6,0,0,2
BRDA:11,1,0,6
BRDA:15,2,0,3
BRDA:16,3,0,2
BRDA:16,4,0,1
BRDA:20,5,0,2
BRDA:21,6,0,1
BRDA:21,7,0,1
BRF:8
BRH:8
end_of_record
TN:
SF:js\ui.js
FN:7,setFeedback
FN:15,parseInputValue
FN:23,fmt
FN:37,spawnConfetti
FN:58,animateConfetti
FN:71,clearConfetti
FN:83,matrixToTable
FNF:7
FNH:7
FNDA:2,setFeedback
FNDA:4,parseInputValue
FNDA:3,fmt
FNDA:1,spawnConfetti
FNDA:1,animateConfetti
FNDA:4,clearConfetti
FNDA:1,matrixToTable
DA:1,1
DA:2,1
DA:3,1
DA:4,1
DA:5,1
DA:6,1
DA:7,1
DA:8,2
DA:9,2
DA:10,1
DA:11,1
DA:12,1
DA:13,1
DA:14,1
DA:15,1
DA:16,4
DA:17,4
DA:18,2
DA:19,4
DA:20,4
DA:21,1
DA:22,1
DA:23,1
DA:24,3
DA:25,3
DA:26,3
DA:27,3
DA:28,1
DA:29,1
DA:30,1
DA:31,1
DA:32,1
DA:33,1
DA:34,1
DA:35,1
DA:36,1
DA:37,1
DA:38,1
DA:39,1
DA:40,1
DA:41,55
DA:42,55
DA:43,55
DA:44,55
DA:45,55
DA:46,55
DA:47,55
DA:48,55
DA:49,55
DA:50,55
DA:51,55
DA:52,55
DA:53,55
DA:54,55
DA:55,1
DA:56,1
DA:57,1
DA:58,1
DA:59,1
DA:60,1
DA:61,55
DA:62,55
DA:63,55
DA:64,55
DA:65,55
DA:66,1
DA:67,1
DA:68,1
DA:69,1
DA:70,1
DA:71,1
DA:72,4
DA:73,4
DA:74,4
DA:75,4
DA:76,4
DA:77,1
DA:78,1
DA:79,1
DA:80,1
DA:81,1
DA:82,1
DA:83,1
DA:84,1
DA:85,1
DA:86,2
DA:87,2
DA:88,2
DA:89,2
DA:90,1
DA:91,1
LF:91
LH:91
BRDA:7,0,0,2
BRDA:9,1,0,1
BRDA:15,2,0,4
BRDA:16,3,0,3
BRDA:17,4,0,2
BRDA:19,5,0,1
BRDA:19,6,0,1
BRDA:23,7,0,3
BRDA:25,8,0,2
BRDA:26,9,0,1
BRDA:37,10,0,1
BRDA:40,11,0,55
BRDA:50,12,0,0
BRDA:58,13,0,1
BRDA:67,14,0,0
BRDA:60,15,0,55
BRDA:71,16,0,4
BRDA:72,17,0,1
BRDA:74,18,0,55
BRDA:83,19,0,1
BRDA:85,20,0,2
BRDA:87,21,0,4
BRF:22
BRH:20
end_of_record
