TN:
SF:js\alignment-logic.js
FN:9,diagnoseMistake
FN:29,checkAnswer
FNF:2
FNH:2
FNDA:3,diagnoseMistake
FNDA:5,checkAnswer
DA:1,1
DA:2,1
DA:3,1
DA:4,1
DA:5,1
DA:6,1
DA:7,1
DA:8,1
DA:9,1
DA:10,3
DA:11,3
DA:12,3
DA:13,3
DA:14,3
DA:15,3
DA:16,3
DA:17,2
DA:18,3
DA:19,1
DA:20,1
DA:21,3
DA:22,1
DA:23,3
DA:24,3
DA:25,1
DA:26,1
DA:27,1
DA:28,1
DA:29,1
DA:30,5
DA:31,2
DA:32,2
LF:32
LH:32
BRDA:9,0,0,3
BRDA:12,1,0,0
BRDA:12,2,0,0
BRDA:16,3,0,1
BRDA:17,4,0,2
BRDA:18,5,0,1
BRDA:18,6,0,1
BRDA:21,7,0,0
BRDA:22,8,0,1
BRDA:23,9,0,0
BRDA:23,10,0,0
BRDA:24,11,0,0
BRDA:24,12,0,0
BRDA:25,13,0,1
BRDA:16,14,0,6
BRDA:29,15,0,5
BRDA:30,16,0,3
BRDA:31,17,0,2
BRF:18
BRH:11
end_of_record
TN:
SF:js\assistant-bridge.js
FN:12,elapsed
FN:14,sendToPortal
FN:28,resetProblem
FN:34,onLevelStart
FN:43,onIncorrect
FN:56,onCorrect
FN:66,onLevelComplete
FN:74,onTimeout
FN:85,onHintRequest
FNF:9
FNH:5
FNDA:1,elapsed
FNDA:2,sendToPortal
FNDA:2,resetProblem
FNDA:1,onLevelStart
FNDA:1,onIncorrect
FNDA:0,onCorrect
FNDA:0,onLevelComplete
FNDA:0,onTimeout
FNDA:0,onHintRequest
DA:1,1
DA:2,1
DA:3,1
DA:4,1
DA:5,1
DA:6,1
DA:7,1
DA:8,1
DA:9,1
DA:10,1
DA:11,1
DA:12,1
DA:13,1
DA:14,2
DA:15,2
DA:16,1
DA:17,1
DA:18,1
DA:19,1
DA:20,1
DA:21,1
DA:22,1
DA:23,1
DA:24,1
DA:25,1
DA:26,1
DA:27,1
DA:28,1
DA:29,2
DA:30,2
DA:31,1
DA:32,1
DA:33,1
DA:34,1
DA:35,1
DA:36,1
DA:37,1
DA:38,1
DA:39,1
DA:40,1
DA:41,1
DA:42,1
DA:43,1
DA:44,1
DA:45,1
DA:46,1
DA:47,1
DA:48,1
DA:49,1
DA:50,1
DA:51,1
DA:52,1
DA:53,1
DA:54,1
DA:55,1
DA:56,1
DA:57,0
DA:58,0
DA:59,0
DA:60,0
DA:61,0
DA:62,0
DA:63,1
DA:64,1
DA:65,1
DA:66,1
DA:67,0
DA:68,0
DA:69,0
DA:70,0
DA:71,1
DA:72,1
DA:73,1
DA:74,1
DA:75,0
DA:76,0
DA:77,0
DA:78,0
DA:79,0
DA:80,0
DA:81,0
DA:82,1
DA:83,1
DA:84,1
DA:85,1
DA:86,0
DA:87,0
DA:88,0
DA:89,0
DA:90,0
DA:91,1
DA:92,1
LF:92
LH:70
BRDA:12,0,0,1
BRDA:14,1,0,2
BRDA:15,2,0,1
BRDA:28,3,0,2
BRDA:34,4,0,1
BRDA:43,5,0,1
BRDA:47,6,0,0
BRDA:48,7,0,0
BRDA:49,8,0,0
BRF:9
BRH:6
end_of_record
TN:
SF:js\math-engine.js
FN:7,M2
FN:13,mv
FN:18,mm
FN:25,det
FN:27,inv
FN:33,eq
FN:38,I
FN:42,lerpMatrix
FN:51,seededRng
FN:57,randInt
FN:62,randomMatrix
FN:73,multiplyMatrices
FN:84,shuffle
FNF:13
FNH:11
FNDA:49,M2
FNDA:1,mv
FNDA:4,mm
FNDA:8,det
FNDA:4,inv
FNDA:9,eq
FNDA:1,I
FNDA:2,lerpMatrix
FNDA:2,seededRng
FNDA:0,randInt
FNDA:0,randomMatrix
FNDA:1,multiplyMatrices
FNDA:1,shuffle
DA:1,1
DA:2,1
DA:3,1
DA:4,1
DA:5,1
DA:6,1
DA:7,1
DA:8,49
DA:9,49
DA:10,49
DA:11,1
DA:12,1
DA:13,1
DA:14,1
DA:15,1
DA:16,1
DA:17,1
DA:18,1
DA:19,4
DA:20,4
DA:21,4
DA:22,4
DA:23,4
DA:24,1
DA:25,1
DA:26,1
DA:27,1
DA:28,4
DA:29,4
DA:30,3
DA:31,4
DA:32,1
DA:33,1
DA:34,9
DA:35,9
DA:36,9
DA:37,1
DA:38,1
DA:39,1
DA:40,1
DA:41,1
DA:42,1
DA:43,2
DA:44,2
DA:45,2
DA:46,2
DA:47,2
DA:48,2
DA:49,1
DA:50,1
DA:51,1
DA:52,2
DA:53,2
DA:54,2
DA:55,1
DA:56,1
DA:57,1
DA:58,0
DA:59,0
DA:60,1
DA:61,1
DA:62,1
DA:63,0
DA:64,0
DA:65,0
DA:66,0
DA:67,0
DA:68,0
DA:69,0
DA:70,0
DA:71,1
DA:72,1
DA:73,1
DA:74,1
DA:75,1
DA:76,1
DA:77,1
DA:78,2
DA:79,4
DA:80,1
DA:81,1
DA:82,1
DA:83,1
DA:84,1
DA:85,1
DA:86,3
DA:87,3
DA:88,3
DA:89,1
DA:90,1
LF:90
LH:80
BRDA:7,0,0,49
BRDA:13,1,0,1
BRDA:18,2,0,4
BRDA:25,3,0,8
BRDA:27,4,0,4
BRDA:29,5,0,3
BRDA:29,6,0,1
BRDA:33,7,0,9
BRDA:34,8,0,5
BRDA:35,9,0,5
BRDA:35,10,0,5
BRDA:38,11,0,1
BRDA:42,12,0,2
BRDA:43,13,0,1
BRDA:43,14,0,1
BRDA:51,15,0,2
BRDA:53,16,0,40
BRDA:73,17,0,1
BRDA:77,18,0,2
BRDA:78,19,0,4
BRDA:79,20,0,8
BRDA:75,21,0,2
BRDA:84,22,0,1
BRDA:85,23,0,3
BRF:24
BRH:24
end_of_record
